0 info it worked if it ends with ok
1 verbose cli [ 'C:\\Program Files\\nodejs\\node.exe',
1 verbose cli   'C:\\Program Files\\nodejs\\node_modules\\npm\\bin\\npm-cli.js',
1 verbose cli   'install',
1 verbose cli   'color-thief' ]
2 info using npm@2.15.9
3 info using node@v4.6.0
4 verbose install initial load of D:\tomcats\tomcat 7\webapps\BogdanIspas.github.io\BizBox\assets\package.json
5 verbose installManyTop reading scoped package data from D:\tomcats\tomcat 7\webapps\BogdanIspas.github.io\BizBox\assets\node_modules\angular\package.json
6 verbose installManyTop reading scoped package data from D:\tomcats\tomcat 7\webapps\BogdanIspas.github.io\BizBox\assets\node_modules\angular-adaptive-backgrounds\package.json
7 verbose installManyTop reading scoped package data from D:\tomcats\tomcat 7\webapps\BogdanIspas.github.io\BizBox\assets\node_modules\angular-route\package.json
8 verbose installManyTop reading scoped package data from D:\tomcats\tomcat 7\webapps\BogdanIspas.github.io\BizBox\assets\node_modules\dominant-color\package.json
9 verbose installManyTop reading scoped package data from D:\tomcats\tomcat 7\webapps\BogdanIspas.github.io\BizBox\assets\node_modules\jquery\package.json
10 verbose installManyTop reading scoped package data from D:\tomcats\tomcat 7\webapps\BogdanIspas.github.io\BizBox\assets\node_modules\npm-debug.log\package.json
11 verbose readDependencies loading dependencies from D:\tomcats\tomcat 7\webapps\BogdanIspas.github.io\BizBox\assets\package.json
12 silly cache add args [ 'color-thief', null ]
13 verbose cache add spec color-thief
14 silly cache add parsed spec Result {
14 silly cache add   raw: 'color-thief',
14 silly cache add   scope: null,
14 silly cache add   name: 'color-thief',
14 silly cache add   rawSpec: '',
14 silly cache add   spec: 'latest',
14 silly cache add   type: 'tag' }
15 silly addNamed color-thief@latest
16 verbose addNamed "latest" is being treated as a dist-tag for color-thief
17 info addNameTag [ 'color-thief', 'latest' ]
18 silly mapToRegistry name color-thief
19 silly mapToRegistry using default registry
20 silly mapToRegistry registry https://registry.npmjs.org/
21 silly mapToRegistry data Result {
21 silly mapToRegistry   raw: 'color-thief',
21 silly mapToRegistry   scope: null,
21 silly mapToRegistry   name: 'color-thief',
21 silly mapToRegistry   rawSpec: '',
21 silly mapToRegistry   spec: 'latest',
21 silly mapToRegistry   type: 'tag' }
22 silly mapToRegistry uri https://registry.npmjs.org/color-thief
23 verbose addNameTag registry:https://registry.npmjs.org/color-thief not in flight; fetching
24 verbose request uri https://registry.npmjs.org/color-thief
25 verbose request no auth needed
26 info attempt registry request try #1 at 6:03:27 PM
27 verbose request id c8bae888a230c7d9
28 verbose etag W/"585128bf-1d85"
29 verbose lastModified Wed, 14 Dec 2016 11:10:55 GMT
30 http request GET https://registry.npmjs.org/color-thief
31 http 304 https://registry.npmjs.org/color-thief
32 verbose headers { date: 'Sun, 02 Apr 2017 15:03:26 GMT',
32 verbose headers   via: '1.1 varnish',
32 verbose headers   'cache-control': 'max-age=300',
32 verbose headers   etag: 'W/"585128bf-1d85"',
32 verbose headers   age: '38',
32 verbose headers   connection: 'keep-alive',
32 verbose headers   'x-served-by': 'cache-hhn1525-HHN',
32 verbose headers   'x-cache': 'HIT',
32 verbose headers   'x-cache-hits': '1',
32 verbose headers   'x-timer': 'S1491145406.039188,VS0,VE0',
32 verbose headers   vary: 'Accept-Encoding' }
33 silly get cb [ 304,
33 silly get   { date: 'Sun, 02 Apr 2017 15:03:26 GMT',
33 silly get     via: '1.1 varnish',
33 silly get     'cache-control': 'max-age=300',
33 silly get     etag: 'W/"585128bf-1d85"',
33 silly get     age: '38',
33 silly get     connection: 'keep-alive',
33 silly get     'x-served-by': 'cache-hhn1525-HHN',
33 silly get     'x-cache': 'HIT',
33 silly get     'x-cache-hits': '1',
33 silly get     'x-timer': 'S1491145406.039188,VS0,VE0',
33 silly get     vary: 'Accept-Encoding' } ]
34 verbose etag https://registry.npmjs.org/color-thief from cache
35 verbose get saving color-thief to C:\Users\Bogdan\AppData\Roaming\npm-cache\registry.npmjs.org\color-thief\.cache.json
36 verbose correctMkdir C:\Users\Bogdan\AppData\Roaming\npm-cache correctMkdir not in flight; initializing
37 silly addNameTag next cb for color-thief with tag latest
38 silly addNamed color-thief@2.2.2
39 verbose addNamed "2.2.2" is a plain semver version for color-thief
40 silly cache afterAdd color-thief@2.2.2
41 verbose afterAdd C:\Users\Bogdan\AppData\Roaming\npm-cache\color-thief\2.2.2\package\package.json not in flight; writing
42 verbose correctMkdir C:\Users\Bogdan\AppData\Roaming\npm-cache correctMkdir not in flight; initializing
43 verbose afterAdd C:\Users\Bogdan\AppData\Roaming\npm-cache\color-thief\2.2.2\package\package.json written
44 silly install resolved [ { name: 'color-thief',
44 silly install resolved     version: '2.2.2',
44 silly install resolved     description: 'A script for grabbing the color palette from an image. Uses Javascript and the canvas tag to make it happen.',
44 silly install resolved     main: 'js/color-thief.js',
44 silly install resolved     repository: { type: 'git', url: 'git://github.com/null2/color-thief.git' },
44 silly install resolved     scripts: { test: 'nodeunit test/*-test.js --reporter minimal' },
44 silly install resolved     author: '',
44 silly install resolved     license: 'BSD-2-Clause',
44 silly install resolved     bugs: { url: 'https://github.com/null2/color-thief/issues' },
44 silly install resolved     dependencies: { canvas: '~1.2.0' },
44 silly install resolved     devDependencies: { nodeunit: '~0.8.2' },
44 silly install resolved     gitHead: '12e99cd62c87b2d936be767d75bcf2f2ec97cc0d',
44 silly install resolved     homepage: 'https://github.com/null2/color-thief#readme',
44 silly install resolved     _id: 'color-thief@2.2.2',
44 silly install resolved     _shasum: '775e99a50f195b198f844b94b3f6c38deb1ca424',
44 silly install resolved     _from: 'color-thief@latest',
44 silly install resolved     _npmVersion: '3.6.0',
44 silly install resolved     _nodeVersion: '5.10.1',
44 silly install resolved     _npmUser: { name: 'jo', email: 'schmidt@netzmerk.com' },
44 silly install resolved     dist:
44 silly install resolved      { shasum: '775e99a50f195b198f844b94b3f6c38deb1ca424',
44 silly install resolved        tarball: 'https://registry.npmjs.org/color-thief/-/color-thief-2.2.2.tgz' },
44 silly install resolved     maintainers: [ [Object], [Object] ],
44 silly install resolved     _npmOperationalInternal:
44 silly install resolved      { host: 'packages-12-west.internal.npmjs.com',
44 silly install resolved        tmp: 'tmp/color-thief-2.2.2.tgz_1459977480050_0.6983626794535667' },
44 silly install resolved     directories: {},
44 silly install resolved     _resolved: 'https://registry.npmjs.org/color-thief/-/color-thief-2.2.2.tgz',
44 silly install resolved     readme: 'ERROR: No README data found!' } ]
45 info install color-thief@2.2.2 into D:\tomcats\tomcat 7\webapps\BogdanIspas.github.io\BizBox\assets
46 info installOne color-thief@2.2.2
47 verbose installOne of color-thief to D:\tomcats\tomcat 7\webapps\BogdanIspas.github.io\BizBox\assets not in flight; installing
48 verbose correctMkdir C:\Users\Bogdan\AppData\Roaming\npm-cache\_locks correctMkdir not in flight; initializing
49 verbose lock using C:\Users\Bogdan\AppData\Roaming\npm-cache\_locks\color-thief-c677c022302155ae.lock for D:\tomcats\tomcat 7\webapps\BogdanIspas.github.io\BizBox\assets\node_modules\color-thief
50 silly install write writing color-thief 2.2.2 to D:\tomcats\tomcat 7\webapps\BogdanIspas.github.io\BizBox\assets\node_modules\color-thief
51 verbose unbuild node_modules\color-thief
52 silly gentlyRm D:\tomcats\tomcat 7\webapps\BogdanIspas.github.io\BizBox\assets\node_modules\color-thief is being purged from base D:\tomcats\tomcat 7\webapps\BogdanIspas.github.io\BizBox\assets
53 verbose gentlyRm don't care about contents; nuking D:\tomcats\tomcat 7\webapps\BogdanIspas.github.io\BizBox\assets\node_modules\color-thief
54 verbose tar unpack C:\Users\Bogdan\AppData\Roaming\npm-cache\color-thief\2.2.2\package.tgz
55 verbose tar unpacking to D:\tomcats\tomcat 7\webapps\BogdanIspas.github.io\BizBox\assets\node_modules\color-thief
56 silly gentlyRm D:\tomcats\tomcat 7\webapps\BogdanIspas.github.io\BizBox\assets\node_modules\color-thief is being purged
57 verbose gentlyRm don't care about contents; nuking D:\tomcats\tomcat 7\webapps\BogdanIspas.github.io\BizBox\assets\node_modules\color-thief
58 silly gunzTarPerm modes [ '777', '666' ]
59 silly gunzTarPerm extractEntry package.json
60 silly gunzTarPerm modified mode [ 'package.json', 420, 438 ]
61 silly gunzTarPerm extractEntry .npmignore
62 silly gunzTarPerm modified mode [ '.npmignore', 420, 438 ]
63 silly gunzTarPerm extractEntry demo.js
64 silly gunzTarPerm modified mode [ 'demo.js', 420, 438 ]
65 silly gunzTarPerm extractEntry node-demo.js
66 silly gunzTarPerm modified mode [ 'node-demo.js', 420, 438 ]
67 silly gunzTarPerm extractEntry test/color-thief-test.js
68 silly gunzTarPerm modified mode [ 'test/color-thief-test.js', 420, 438 ]
69 silly gunzTarPerm extractEntry img/dark_checkered_bg.png
70 silly gunzTarPerm modified mode [ 'img/dark_checkered_bg.png', 420, 438 ]
71 silly gunzTarPerm extractEntry img/drag_placeholder.png
72 silly gunzTarPerm modified mode [ 'img/drag_placeholder.png', 420, 438 ]
73 silly gunzTarPerm extractEntry img/photo1.jpg
74 silly gunzTarPerm modified mode [ 'img/photo1.jpg', 420, 438 ]
75 silly gunzTarPerm extractEntry img/photo2.jpg
76 silly gunzTarPerm modified mode [ 'img/photo2.jpg', 420, 438 ]
77 silly gunzTarPerm extractEntry img/photo3.jpg
78 silly gunzTarPerm modified mode [ 'img/photo3.jpg', 420, 438 ]
79 silly gunzTarPerm extractEntry README.markdown
80 silly gunzTarPerm modified mode [ 'README.markdown', 420, 438 ]
81 silly gunzTarPerm extractEntry js/color-thief.js
82 silly gunzTarPerm modified mode [ 'js/color-thief.js', 420, 438 ]
83 silly gunzTarPerm extractEntry js/libs/jquery-2.0.2.min.js
84 silly gunzTarPerm modified mode [ 'js/libs/jquery-2.0.2.min.js', 420, 438 ]
85 silly gunzTarPerm extractEntry js/libs/jquery.lettering.js
86 silly gunzTarPerm modified mode [ 'js/libs/jquery.lettering.js', 420, 438 ]
87 silly gunzTarPerm extractEntry js/libs/modernizr.custom.js
88 silly gunzTarPerm modified mode [ 'js/libs/modernizr.custom.js', 420, 438 ]
89 silly gunzTarPerm extractEntry js/libs/mustache.js
90 silly gunzTarPerm modified mode [ 'js/libs/mustache.js', 420, 438 ]
91 silly gunzTarPerm extractEntry component.json
92 silly gunzTarPerm modified mode [ 'component.json', 420, 438 ]
93 silly gunzTarPerm extractEntry css/app.css
94 silly gunzTarPerm modified mode [ 'css/app.css', 420, 438 ]
95 silly gunzTarPerm extractEntry sass/app.sass
96 silly gunzTarPerm modified mode [ 'sass/app.sass', 420, 438 ]
97 silly gunzTarPerm extractEntry index.html
98 silly gunzTarPerm modified mode [ 'index.html', 493, 511 ]
99 verbose write writing to D:\tomcats\tomcat 7\webapps\BogdanIspas.github.io\BizBox\assets\node_modules\color-thief\package.json
100 info preinstall color-thief@2.2.2
101 verbose readDependencies loading dependencies from D:\tomcats\tomcat 7\webapps\BogdanIspas.github.io\BizBox\assets\node_modules\color-thief\package.json
102 silly prepareForInstallMany adding canvas@~1.2.0 from color-thief dependencies
103 verbose readDependencies loading dependencies from D:\tomcats\tomcat 7\webapps\BogdanIspas.github.io\BizBox\assets\node_modules\color-thief\package.json
104 silly cache add args [ 'canvas@~1.2.0', null ]
105 verbose cache add spec canvas@~1.2.0
106 silly cache add parsed spec Result {
106 silly cache add   raw: 'canvas@~1.2.0',
106 silly cache add   scope: null,
106 silly cache add   name: 'canvas',
106 silly cache add   rawSpec: '~1.2.0',
106 silly cache add   spec: '>=1.2.0 <1.3.0',
106 silly cache add   type: 'range' }
107 silly addNamed canvas@>=1.2.0 <1.3.0
108 verbose addNamed ">=1.2.0 <1.3.0" is a valid semver range for canvas
109 silly addNameRange { name: 'canvas', range: '>=1.2.0 <1.3.0', hasData: false }
110 silly mapToRegistry name canvas
111 silly mapToRegistry using default registry
112 silly mapToRegistry registry https://registry.npmjs.org/
113 silly mapToRegistry data Result {
113 silly mapToRegistry   raw: 'canvas',
113 silly mapToRegistry   scope: null,
113 silly mapToRegistry   name: 'canvas',
113 silly mapToRegistry   rawSpec: '',
113 silly mapToRegistry   spec: 'latest',
113 silly mapToRegistry   type: 'tag' }
114 silly mapToRegistry uri https://registry.npmjs.org/canvas
115 verbose addNameRange registry:https://registry.npmjs.org/canvas not in flight; fetching
116 verbose request uri https://registry.npmjs.org/canvas
117 verbose request no auth needed
118 info attempt registry request try #1 at 6:03:28 PM
119 verbose etag W/"58df52b2-1fcc1"
120 verbose lastModified Sat, 01 Apr 2017 07:11:46 GMT
121 http request GET https://registry.npmjs.org/canvas
122 http 304 https://registry.npmjs.org/canvas
123 verbose headers { date: 'Sun, 02 Apr 2017 15:03:26 GMT',
123 verbose headers   via: '1.1 varnish',
123 verbose headers   'cache-control': 'max-age=300',
123 verbose headers   etag: 'W/"58df52b2-1fcc1"',
123 verbose headers   age: '236',
123 verbose headers   connection: 'keep-alive',
123 verbose headers   'x-served-by': 'cache-hhn1525-HHN',
123 verbose headers   'x-cache': 'HIT',
123 verbose headers   'x-cache-hits': '1',
123 verbose headers   'x-timer': 'S1491145406.240468,VS0,VE11',
123 verbose headers   vary: 'Accept-Encoding' }
124 silly get cb [ 304,
124 silly get   { date: 'Sun, 02 Apr 2017 15:03:26 GMT',
124 silly get     via: '1.1 varnish',
124 silly get     'cache-control': 'max-age=300',
124 silly get     etag: 'W/"58df52b2-1fcc1"',
124 silly get     age: '236',
124 silly get     connection: 'keep-alive',
124 silly get     'x-served-by': 'cache-hhn1525-HHN',
124 silly get     'x-cache': 'HIT',
124 silly get     'x-cache-hits': '1',
124 silly get     'x-timer': 'S1491145406.240468,VS0,VE11',
124 silly get     vary: 'Accept-Encoding' } ]
125 verbose etag https://registry.npmjs.org/canvas from cache
126 verbose get saving canvas to C:\Users\Bogdan\AppData\Roaming\npm-cache\registry.npmjs.org\canvas\.cache.json
127 verbose correctMkdir C:\Users\Bogdan\AppData\Roaming\npm-cache correctMkdir not in flight; initializing
128 silly addNameRange number 2 { name: 'canvas', range: '>=1.2.0 <1.3.0', hasData: true }
129 silly addNameRange versions [ 'canvas',
129 silly addNameRange   [ '0.0.1',
129 silly addNameRange     '0.0.2',
129 silly addNameRange     '0.0.3',
129 silly addNameRange     '0.0.4',
129 silly addNameRange     '0.0.5',
129 silly addNameRange     '0.0.6',
129 silly addNameRange     '0.0.7',
129 silly addNameRange     '0.0.8',
129 silly addNameRange     '0.1.0',
129 silly addNameRange     '0.2.0',
129 silly addNameRange     '0.2.1',
129 silly addNameRange     '0.3.0',
129 silly addNameRange     '0.3.1',
129 silly addNameRange     '0.3.2',
129 silly addNameRange     '0.3.3',
129 silly addNameRange     '0.4.0',
129 silly addNameRange     '0.4.1',
129 silly addNameRange     '0.4.2',
129 silly addNameRange     '0.4.3',
129 silly addNameRange     '0.5.0',
129 silly addNameRange     '0.5.1',
129 silly addNameRange     '0.5.2',
129 silly addNameRange     '0.5.3',
129 silly addNameRange     '0.5.4',
129 silly addNameRange     '0.6.0',
129 silly addNameRange     '0.7.0',
129 silly addNameRange     '0.7.1',
129 silly addNameRange     '0.7.2',
129 silly addNameRange     '0.7.3',
129 silly addNameRange     '0.8.0',
129 silly addNameRange     '0.8.1',
129 silly addNameRange     '0.8.2',
129 silly addNameRange     '0.8.3',
129 silly addNameRange     '0.9.0',
129 silly addNameRange     '0.10.0',
129 silly addNameRange     '0.10.1',
129 silly addNameRange     '0.10.2',
129 silly addNameRange     '0.10.3',
129 silly addNameRange     '0.11.0',
129 silly addNameRange     '0.11.1',
129 silly addNameRange     '0.11.2',
129 silly addNameRange     '0.11.3',
129 silly addNameRange     '0.12.0',
129 silly addNameRange     '0.12.1',
129 silly addNameRange     '0.13.0',
129 silly addNameRange     '0.13.1',
129 silly addNameRange     '1.0.0',
129 silly addNameRange     '1.0.1',
129 silly addNameRange     '1.0.2',
129 silly addNameRange     '1.0.3',
129 silly addNameRange     '1.0.4',
129 silly addNameRange     '1.1.0',
129 silly addNameRange     '1.1.1',
129 silly addNameRange     '1.1.2',
129 silly addNameRange     '1.1.3',
129 silly addNameRange     '1.1.4',
129 silly addNameRange     '1.1.5',
129 silly addNameRange     '1.1.6',
129 silly addNameRange     '1.2.0',
129 silly addNameRange     '1.2.1',
129 silly addNameRange     '1.2.2',
129 silly addNameRange     '1.2.3',
129 silly addNameRange     '1.2.4',
129 silly addNameRange     '1.2.5',
129 silly addNameRange     '1.2.6',
129 silly addNameRange     '1.2.7',
129 silly addNameRange     '1.2.8',
129 silly addNameRange     '1.2.9',
129 silly addNameRange     '1.2.10',
129 silly addNameRange     '1.2.11',
129 silly addNameRange     '1.3.0',
129 silly addNameRange     '1.3.1',
129 silly addNameRange     '1.3.2',
129 silly addNameRange     '1.3.3',
129 silly addNameRange     '1.3.4',
129 silly addNameRange     '1.3.5',
129 silly addNameRange     '1.3.6',
129 silly addNameRange     '1.3.7',
129 silly addNameRange     '1.3.8',
129 silly addNameRange     '1.3.9',
129 silly addNameRange     '1.3.10',
129 silly addNameRange     '1.3.11',
129 silly addNameRange     '1.3.12',
129 silly addNameRange     '1.3.13',
129 silly addNameRange     '1.3.14',
129 silly addNameRange     '1.3.15',
129 silly addNameRange     '1.3.16',
129 silly addNameRange     '1.4.0',
129 silly addNameRange     '1.5.0',
129 silly addNameRange     '1.6.0',
129 silly addNameRange     '1.6.1',
129 silly addNameRange     '1.6.2',
129 silly addNameRange     '1.6.3',
129 silly addNameRange     '1.6.4',
129 silly addNameRange     '1.6.5' ] ]
130 silly addNamed canvas@1.2.11
131 verbose addNamed "1.2.11" is a plain semver version for canvas
132 silly cache afterAdd canvas@1.2.11
133 verbose afterAdd C:\Users\Bogdan\AppData\Roaming\npm-cache\canvas\1.2.11\package\package.json not in flight; writing
134 verbose correctMkdir C:\Users\Bogdan\AppData\Roaming\npm-cache correctMkdir not in flight; initializing
135 verbose afterAdd C:\Users\Bogdan\AppData\Roaming\npm-cache\canvas\1.2.11\package\package.json written
136 silly install resolved [ { name: 'canvas',
136 silly install resolved     description: 'Canvas graphics API backed by Cairo',
136 silly install resolved     version: '1.2.11',
136 silly install resolved     author: { name: 'TJ Holowaychuk', email: 'tj@learnboost.com' },
136 silly install resolved     contributors: [ [Object], [Object], [Object] ],
136 silly install resolved     keywords:
136 silly install resolved      [ 'canvas',
136 silly install resolved        'graphic',
136 silly install resolved        'graphics',
136 silly install resolved        'pixman',
136 silly install resolved        'cairo',
136 silly install resolved        'image',
136 silly install resolved        'images',
136 silly install resolved        'pdf' ],
136 silly install resolved     homepage: 'https://github.com/Automattic/node-canvas',
136 silly install resolved     repository:
136 silly install resolved      { type: 'git',
136 silly install resolved        url: 'git://github.com/Automattic/node-canvas.git' },
136 silly install resolved     scripts:
136 silly install resolved      { prebenchmark: 'node-gyp build',
136 silly install resolved        benchmark: 'node benchmarks/run.js',
136 silly install resolved        pretest: 'node-gyp build',
136 silly install resolved        test: 'mocha test/*.test.js',
136 silly install resolved        'pretest-server': 'node-gyp build',
136 silly install resolved        'test-server': 'node test/server.js',
136 silly install resolved        install: 'node-gyp rebuild' },
136 silly install resolved     dependencies: { nan: '^2.0.9' },
136 silly install resolved     devDependencies:
136 silly install resolved      { 'body-parser': '^1.13.3',
136 silly install resolved        express: '^4.13.2',
136 silly install resolved        jade: '^1.11.0',
136 silly install resolved        mocha: '*' },
136 silly install resolved     engines: { node: '>=0.8.0' },
136 silly install resolved     main: './lib/canvas.js',
136 silly install resolved     license: 'MIT',
136 silly install resolved     gypfile: true,
136 silly install resolved     gitHead: '7a8e6de568d1c04eb633d4539c2fee8c69c4e337',
136 silly install resolved     bugs: { url: 'https://github.com/Automattic/node-canvas/issues' },
136 silly install resolved     _id: 'canvas@1.2.11',
136 silly install resolved     _shasum: 'd12455864df5169c2a2be602fa8e0e4013a97140',
136 silly install resolved     _from: 'canvas@>=1.2.0 <1.3.0',
136 silly install resolved     _npmVersion: '2.14.6',
136 silly install resolved     _nodeVersion: '4.1.2',
136 silly install resolved     _npmUser: { name: 'linusu', email: 'linus@folkdatorn.se' },
136 silly install resolved     maintainers: [ [Object], [Object], [Object], [Object], [Object], [Object] ],
136 silly install resolved     dist:
136 silly install resolved      { shasum: 'd12455864df5169c2a2be602fa8e0e4013a97140',
136 silly install resolved        tarball: 'https://registry.npmjs.org/canvas/-/canvas-1.2.11.tgz' },
136 silly install resolved     directories: {},
136 silly install resolved     _resolved: 'https://registry.npmjs.org/canvas/-/canvas-1.2.11.tgz',
136 silly install resolved     readme: 'ERROR: No README data found!' } ]
137 info install canvas@1.2.11 into D:\tomcats\tomcat 7\webapps\BogdanIspas.github.io\BizBox\assets\node_modules\color-thief
138 info installOne canvas@1.2.11
139 verbose installOne of canvas to D:\tomcats\tomcat 7\webapps\BogdanIspas.github.io\BizBox\assets\node_modules\color-thief not in flight; installing
140 verbose correctMkdir C:\Users\Bogdan\AppData\Roaming\npm-cache\_locks correctMkdir not in flight; initializing
141 verbose lock using C:\Users\Bogdan\AppData\Roaming\npm-cache\_locks\canvas-e65a63ed974c73be.lock for D:\tomcats\tomcat 7\webapps\BogdanIspas.github.io\BizBox\assets\node_modules\color-thief\node_modules\canvas
142 silly install write writing canvas 1.2.11 to D:\tomcats\tomcat 7\webapps\BogdanIspas.github.io\BizBox\assets\node_modules\color-thief\node_modules\canvas
143 verbose unbuild node_modules\color-thief\node_modules\canvas
144 silly gentlyRm D:\tomcats\tomcat 7\webapps\BogdanIspas.github.io\BizBox\assets\node_modules\color-thief\node_modules\canvas is being purged from base D:\tomcats\tomcat 7\webapps\BogdanIspas.github.io\BizBox\assets
145 verbose gentlyRm don't care about contents; nuking D:\tomcats\tomcat 7\webapps\BogdanIspas.github.io\BizBox\assets\node_modules\color-thief\node_modules\canvas
146 verbose tar unpack C:\Users\Bogdan\AppData\Roaming\npm-cache\canvas\1.2.11\package.tgz
147 verbose tar unpacking to D:\tomcats\tomcat 7\webapps\BogdanIspas.github.io\BizBox\assets\node_modules\color-thief\node_modules\canvas
148 silly gentlyRm D:\tomcats\tomcat 7\webapps\BogdanIspas.github.io\BizBox\assets\node_modules\color-thief\node_modules\canvas is being purged
149 verbose gentlyRm don't care about contents; nuking D:\tomcats\tomcat 7\webapps\BogdanIspas.github.io\BizBox\assets\node_modules\color-thief\node_modules\canvas
150 silly gunzTarPerm modes [ '777', '666' ]
151 silly gunzTarPerm extractEntry package.json
152 silly gunzTarPerm modified mode [ 'package.json', 420, 438 ]
153 silly gunzTarPerm extractEntry .npmignore
154 silly gunzTarPerm modified mode [ '.npmignore', 420, 438 ]
155 silly gunzTarPerm extractEntry index.js
156 silly gunzTarPerm modified mode [ 'index.js', 420, 438 ]
157 silly gunzTarPerm extractEntry History.md
158 silly gunzTarPerm modified mode [ 'History.md', 420, 438 ]
159 silly gunzTarPerm extractEntry Readme.md
160 silly gunzTarPerm modified mode [ 'Readme.md', 420, 438 ]
161 silly gunzTarPerm extractEntry binding.gyp
162 silly gunzTarPerm modified mode [ 'binding.gyp', 493, 511 ]
163 silly gunzTarPerm extractEntry .gitmodules
164 silly gunzTarPerm modified mode [ '.gitmodules', 420, 438 ]
165 silly gunzTarPerm extractEntry install
166 silly gunzTarPerm modified mode [ 'install', 493, 511 ]
167 silly gunzTarPerm extractEntry lib/bindings.js
168 silly gunzTarPerm modified mode [ 'lib/bindings.js', 420, 438 ]
169 silly gunzTarPerm extractEntry lib/canvas.js
170 silly gunzTarPerm modified mode [ 'lib/canvas.js', 420, 438 ]
171 silly gunzTarPerm extractEntry lib/context2d.js
172 silly gunzTarPerm modified mode [ 'lib/context2d.js', 420, 438 ]
173 silly gunzTarPerm extractEntry lib/image.js
174 silly gunzTarPerm modified mode [ 'lib/image.js', 420, 438 ]
175 silly gunzTarPerm extractEntry lib/jpegstream.js
176 silly gunzTarPerm modified mode [ 'lib/jpegstream.js', 420, 438 ]
177 silly gunzTarPerm extractEntry lib/pngstream.js
178 silly gunzTarPerm modified mode [ 'lib/pngstream.js', 420, 438 ]
179 silly gunzTarPerm extractEntry .travis.yml
180 silly gunzTarPerm modified mode [ '.travis.yml', 420, 438 ]
181 silly gunzTarPerm extractEntry src/Image.cc
182 silly gunzTarPerm modified mode [ 'src/Image.cc', 420, 438 ]
183 silly gunzTarPerm extractEntry src/Canvas.cc
184 silly gunzTarPerm modified mode [ 'src/Canvas.cc', 420, 438 ]
185 silly gunzTarPerm extractEntry src/CanvasGradient.cc
186 silly gunzTarPerm modified mode [ 'src/CanvasGradient.cc', 420, 438 ]
187 silly gunzTarPerm extractEntry src/CanvasGradient.h
188 silly gunzTarPerm modified mode [ 'src/CanvasGradient.h', 420, 438 ]
189 silly gunzTarPerm extractEntry src/CanvasPattern.cc
190 silly gunzTarPerm modified mode [ 'src/CanvasPattern.cc', 420, 438 ]
191 silly gunzTarPerm extractEntry src/CanvasPattern.h
192 silly gunzTarPerm modified mode [ 'src/CanvasPattern.h', 420, 438 ]
193 silly gunzTarPerm extractEntry src/CanvasRenderingContext2d.cc
194 silly gunzTarPerm modified mode [ 'src/CanvasRenderingContext2d.cc', 493, 511 ]
195 silly gunzTarPerm extractEntry src/CanvasRenderingContext2d.h
196 silly gunzTarPerm modified mode [ 'src/CanvasRenderingContext2d.h', 420, 438 ]
197 silly gunzTarPerm extractEntry src/FontFace.cc
198 silly gunzTarPerm modified mode [ 'src/FontFace.cc', 493, 511 ]
199 silly gunzTarPerm extractEntry src/FontFace.h
200 silly gunzTarPerm modified mode [ 'src/FontFace.h', 420, 438 ]
201 silly gunzTarPerm extractEntry src/Canvas.h
202 silly gunzTarPerm modified mode [ 'src/Canvas.h', 420, 438 ]
203 silly gunzTarPerm extractEntry src/Image.h
204 silly gunzTarPerm modified mode [ 'src/Image.h', 420, 438 ]
205 silly gunzTarPerm extractEntry src/ImageData.cc
206 silly gunzTarPerm modified mode [ 'src/ImageData.cc', 420, 438 ]
207 silly gunzTarPerm extractEntry src/ImageData.h
208 silly gunzTarPerm modified mode [ 'src/ImageData.h', 420, 438 ]
209 silly gunzTarPerm extractEntry src/JPEGStream.h
210 silly gunzTarPerm modified mode [ 'src/JPEGStream.h', 420, 438 ]
211 silly gunzTarPerm extractEntry src/PNG.h
212 silly gunzTarPerm modified mode [ 'src/PNG.h', 420, 438 ]
213 silly gunzTarPerm extractEntry src/Point.h
214 silly gunzTarPerm modified mode [ 'src/Point.h', 420, 438 ]
215 silly gunzTarPerm extractEntry src/closure.h
216 silly gunzTarPerm modified mode [ 'src/closure.h', 420, 438 ]
217 silly gunzTarPerm extractEntry src/color.cc
218 silly gunzTarPerm modified mode [ 'src/color.cc', 420, 438 ]
219 silly gunzTarPerm extractEntry src/color.h
220 silly gunzTarPerm modified mode [ 'src/color.h', 420, 438 ]
221 silly gunzTarPerm extractEntry src/init.cc
222 silly gunzTarPerm modified mode [ 'src/init.cc', 493, 511 ]
223 silly gunzTarPerm extractEntry util/cairo_include.sh
224 silly gunzTarPerm modified mode [ 'util/cairo_include.sh', 493, 511 ]
225 silly gunzTarPerm extractEntry util/has_cairo_freetype.sh
226 silly gunzTarPerm modified mode [ 'util/has_cairo_freetype.sh', 493, 511 ]
227 silly gunzTarPerm extractEntry util/has_lib.sh
228 silly gunzTarPerm modified mode [ 'util/has_lib.sh', 493, 511 ]
229 silly gunzTarPerm extractEntry util/lib_lookup.sh
230 silly gunzTarPerm modified mode [ 'util/lib_lookup.sh', 493, 511 ]
231 verbose write writing to D:\tomcats\tomcat 7\webapps\BogdanIspas.github.io\BizBox\assets\node_modules\color-thief\node_modules\canvas\package.json
232 info preinstall canvas@1.2.11
233 verbose readDependencies loading dependencies from D:\tomcats\tomcat 7\webapps\BogdanIspas.github.io\BizBox\assets\node_modules\color-thief\node_modules\canvas\package.json
234 silly prepareForInstallMany adding nan@^2.0.9 from canvas dependencies
235 verbose readDependencies loading dependencies from D:\tomcats\tomcat 7\webapps\BogdanIspas.github.io\BizBox\assets\node_modules\color-thief\node_modules\canvas\package.json
236 silly cache add args [ 'nan@^2.0.9', null ]
237 verbose cache add spec nan@^2.0.9
238 silly cache add parsed spec Result {
238 silly cache add   raw: 'nan@^2.0.9',
238 silly cache add   scope: null,
238 silly cache add   name: 'nan',
238 silly cache add   rawSpec: '^2.0.9',
238 silly cache add   spec: '>=2.0.9 <3.0.0',
238 silly cache add   type: 'range' }
239 silly addNamed nan@>=2.0.9 <3.0.0
240 verbose addNamed ">=2.0.9 <3.0.0" is a valid semver range for nan
241 silly addNameRange { name: 'nan', range: '>=2.0.9 <3.0.0', hasData: false }
242 silly mapToRegistry name nan
243 silly mapToRegistry using default registry
244 silly mapToRegistry registry https://registry.npmjs.org/
245 silly mapToRegistry data Result {
245 silly mapToRegistry   raw: 'nan',
245 silly mapToRegistry   scope: null,
245 silly mapToRegistry   name: 'nan',
245 silly mapToRegistry   rawSpec: '',
245 silly mapToRegistry   spec: 'latest',
245 silly mapToRegistry   type: 'tag' }
246 silly mapToRegistry uri https://registry.npmjs.org/nan
247 verbose addNameRange registry:https://registry.npmjs.org/nan not in flight; fetching
248 verbose request uri https://registry.npmjs.org/nan
249 verbose request no auth needed
250 info attempt registry request try #1 at 6:03:28 PM
251 verbose etag W/"58dea142-1df90"
252 verbose lastModified Fri, 31 Mar 2017 18:34:42 GMT
253 http request GET https://registry.npmjs.org/nan
254 http 304 https://registry.npmjs.org/nan
255 verbose headers { date: 'Sun, 02 Apr 2017 15:03:26 GMT',
255 verbose headers   via: '1.1 varnish',
255 verbose headers   'cache-control': 'max-age=300',
255 verbose headers   etag: 'W/"58dea142-1df90"',
255 verbose headers   age: '33',
255 verbose headers   connection: 'keep-alive',
255 verbose headers   'x-served-by': 'cache-hhn1525-HHN',
255 verbose headers   'x-cache': 'HIT',
255 verbose headers   'x-cache-hits': '1',
255 verbose headers   'x-timer': 'S1491145406.409878,VS0,VE0',
255 verbose headers   vary: 'Accept-Encoding' }
256 silly get cb [ 304,
256 silly get   { date: 'Sun, 02 Apr 2017 15:03:26 GMT',
256 silly get     via: '1.1 varnish',
256 silly get     'cache-control': 'max-age=300',
256 silly get     etag: 'W/"58dea142-1df90"',
256 silly get     age: '33',
256 silly get     connection: 'keep-alive',
256 silly get     'x-served-by': 'cache-hhn1525-HHN',
256 silly get     'x-cache': 'HIT',
256 silly get     'x-cache-hits': '1',
256 silly get     'x-timer': 'S1491145406.409878,VS0,VE0',
256 silly get     vary: 'Accept-Encoding' } ]
257 verbose etag https://registry.npmjs.org/nan from cache
258 verbose get saving nan to C:\Users\Bogdan\AppData\Roaming\npm-cache\registry.npmjs.org\nan\.cache.json
259 verbose correctMkdir C:\Users\Bogdan\AppData\Roaming\npm-cache correctMkdir not in flight; initializing
260 silly addNameRange number 2 { name: 'nan', range: '>=2.0.9 <3.0.0', hasData: true }
261 silly addNameRange versions [ 'nan',
261 silly addNameRange   [ '0.3.0-wip',
261 silly addNameRange     '0.3.0-wip2',
261 silly addNameRange     '0.3.0',
261 silly addNameRange     '0.3.1',
261 silly addNameRange     '0.3.2',
261 silly addNameRange     '0.4.0',
261 silly addNameRange     '0.4.1',
261 silly addNameRange     '0.4.2',
261 silly addNameRange     '0.4.3',
261 silly addNameRange     '0.4.4',
261 silly addNameRange     '0.5.0',
261 silly addNameRange     '0.5.1',
261 silly addNameRange     '0.5.2',
261 silly addNameRange     '0.6.0',
261 silly addNameRange     '0.7.0',
261 silly addNameRange     '0.7.1',
261 silly addNameRange     '0.8.0',
261 silly addNameRange     '1.0.0',
261 silly addNameRange     '1.1.0',
261 silly addNameRange     '1.1.1',
261 silly addNameRange     '1.1.2',
261 silly addNameRange     '1.2.0',
261 silly addNameRange     '1.3.0',
261 silly addNameRange     '1.4.0',
261 silly addNameRange     '1.4.1',
261 silly addNameRange     '1.5.0',
261 silly addNameRange     '1.4.2',
261 silly addNameRange     '1.4.3',
261 silly addNameRange     '1.5.1',
261 silly addNameRange     '1.5.2',
261 silly addNameRange     '1.6.0',
261 silly addNameRange     '1.5.3',
261 silly addNameRange     '1.6.1',
261 silly addNameRange     '1.6.2',
261 silly addNameRange     '1.7.0',
261 silly addNameRange     '1.8.0',
261 silly addNameRange     '1.8.1',
261 silly addNameRange     '1.8.2',
261 silly addNameRange     '1.8.3',
261 silly addNameRange     '1.8.4',
261 silly addNameRange     '1.9.0',
261 silly addNameRange     '2.0.0',
261 silly addNameRange     '2.0.1',
261 silly addNameRange     '2.0.2',
261 silly addNameRange     '2.0.3',
261 silly addNameRange     '2.0.4',
261 silly addNameRange     '2.0.5',
261 silly addNameRange     '2.0.6',
261 silly addNameRange     '2.0.7',
261 silly addNameRange     '2.0.8',
261 silly addNameRange     '2.0.9',
261 silly addNameRange     '2.1.0',
261 silly addNameRange     '2.2.0',
261 silly addNameRange     '2.2.1',
261 silly addNameRange     '2.3.0',
261 silly addNameRange     '2.3.1',
261 silly addNameRange     '2.3.2',
261 silly addNameRange     '2.3.3',
261 silly addNameRange     '2.3.4',
261 silly addNameRange     '2.3.5',
261 silly addNameRange     '2.4.0',
261 silly addNameRange     '2.5.0',
261 silly addNameRange     '2.5.1' ] ]
262 silly addNamed nan@2.5.1
263 verbose addNamed "2.5.1" is a plain semver version for nan
264 silly cache afterAdd nan@2.5.1
265 verbose afterAdd C:\Users\Bogdan\AppData\Roaming\npm-cache\nan\2.5.1\package\package.json not in flight; writing
266 verbose correctMkdir C:\Users\Bogdan\AppData\Roaming\npm-cache correctMkdir not in flight; initializing
267 verbose afterAdd C:\Users\Bogdan\AppData\Roaming\npm-cache\nan\2.5.1\package\package.json written
268 silly install resolved [ { name: 'nan',
268 silly install resolved     version: '2.5.1',
268 silly install resolved     description: 'Native Abstractions for Node.js: C++ header for Node 0.8 -> 7 compatibility',
268 silly install resolved     main: 'include_dirs.js',
268 silly install resolved     repository: { type: 'git', url: 'git://github.com/nodejs/nan.git' },
268 silly install resolved     scripts:
268 silly install resolved      { test: 'tap --gc --stderr test/js/*-test.js',
268 silly install resolved        'rebuild-tests': 'node-gyp rebuild --msvs_version=2013 --directory test',
268 silly install resolved        docs: 'doc/.build.sh' },
268 silly install resolved     contributors:
268 silly install resolved      [ [Object],
268 silly install resolved        [Object],
268 silly install resolved        [Object],
268 silly install resolved        [Object],
268 silly install resolved        [Object],
268 silly install resolved        [Object],
268 silly install resolved        [Object] ],
268 silly install resolved     devDependencies:
268 silly install resolved      { bindings: '~1.2.1',
268 silly install resolved        commander: '^2.8.1',
268 silly install resolved        glob: '^5.0.14',
268 silly install resolved        'node-gyp': '~3.0.1',
268 silly install resolved        'readable-stream': '^2.1.4',
268 silly install resolved        tap: '~0.7.1',
268 silly install resolved        xtend: '~4.0.0' },
268 silly install resolved     license: 'MIT',
268 silly install resolved     bugs: { url: 'https://github.com/nodejs/nan/issues' },
268 silly install resolved     homepage: 'https://github.com/nodejs/nan#readme',
268 silly install resolved     _id: 'nan@2.5.1',
268 silly install resolved     _shasum: 'd5b01691253326a97a2bbee9e61c55d8d60351e2',
268 silly install resolved     _resolved: 'https://registry.npmjs.org/nan/-/nan-2.5.1.tgz',
268 silly install resolved     _from: 'nan@>=2.0.9 <3.0.0',
268 silly install resolved     _npmVersion: '4.0.5',
268 silly install resolved     _nodeVersion: '7.4.0',
268 silly install resolved     _npmUser: { name: 'kkoopa', email: 'bbyholm@abo.fi' },
268 silly install resolved     dist:
268 silly install resolved      { shasum: 'd5b01691253326a97a2bbee9e61c55d8d60351e2',
268 silly install resolved        tarball: 'https://registry.npmjs.org/nan/-/nan-2.5.1.tgz' },
268 silly install resolved     maintainers: [ [Object], [Object] ],
268 silly install resolved     _npmOperationalInternal:
268 silly install resolved      { host: 'packages-18-east.internal.npmjs.com',
268 silly install resolved        tmp: 'tmp/nan-2.5.1.tgz_1485124061146_0.7941144248470664' },
268 silly install resolved     directories: {},
268 silly install resolved     readme: 'ERROR: No README data found!' } ]
269 info install nan@2.5.1 into D:\tomcats\tomcat 7\webapps\BogdanIspas.github.io\BizBox\assets\node_modules\color-thief\node_modules\canvas
270 info installOne nan@2.5.1
271 verbose installOne of nan to D:\tomcats\tomcat 7\webapps\BogdanIspas.github.io\BizBox\assets\node_modules\color-thief\node_modules\canvas not in flight; installing
272 verbose correctMkdir C:\Users\Bogdan\AppData\Roaming\npm-cache\_locks correctMkdir not in flight; initializing
273 verbose lock using C:\Users\Bogdan\AppData\Roaming\npm-cache\_locks\nan-18816bce899d67fc.lock for D:\tomcats\tomcat 7\webapps\BogdanIspas.github.io\BizBox\assets\node_modules\color-thief\node_modules\canvas\node_modules\nan
274 silly install write writing nan 2.5.1 to D:\tomcats\tomcat 7\webapps\BogdanIspas.github.io\BizBox\assets\node_modules\color-thief\node_modules\canvas\node_modules\nan
275 verbose unbuild node_modules\color-thief\node_modules\canvas\node_modules\nan
276 silly gentlyRm D:\tomcats\tomcat 7\webapps\BogdanIspas.github.io\BizBox\assets\node_modules\color-thief\node_modules\canvas\node_modules\nan is being purged from base D:\tomcats\tomcat 7\webapps\BogdanIspas.github.io\BizBox\assets
277 verbose gentlyRm don't care about contents; nuking D:\tomcats\tomcat 7\webapps\BogdanIspas.github.io\BizBox\assets\node_modules\color-thief\node_modules\canvas\node_modules\nan
278 verbose tar unpack C:\Users\Bogdan\AppData\Roaming\npm-cache\nan\2.5.1\package.tgz
279 verbose tar unpacking to D:\tomcats\tomcat 7\webapps\BogdanIspas.github.io\BizBox\assets\node_modules\color-thief\node_modules\canvas\node_modules\nan
280 silly gentlyRm D:\tomcats\tomcat 7\webapps\BogdanIspas.github.io\BizBox\assets\node_modules\color-thief\node_modules\canvas\node_modules\nan is being purged
281 verbose gentlyRm don't care about contents; nuking D:\tomcats\tomcat 7\webapps\BogdanIspas.github.io\BizBox\assets\node_modules\color-thief\node_modules\canvas\node_modules\nan
282 silly gunzTarPerm modes [ '777', '666' ]
283 silly gunzTarPerm extractEntry package.json
284 silly gunzTarPerm modified mode [ 'package.json', 436, 438 ]
285 silly gunzTarPerm extractEntry README.md
286 silly gunzTarPerm modified mode [ 'README.md', 436, 438 ]
287 silly gunzTarPerm extractEntry include_dirs.js
288 silly gunzTarPerm modified mode [ 'include_dirs.js', 436, 438 ]
289 silly gunzTarPerm extractEntry nan_converters.h
290 silly gunzTarPerm modified mode [ 'nan_converters.h', 436, 438 ]
291 silly gunzTarPerm extractEntry CHANGELOG.md
292 silly gunzTarPerm modified mode [ 'CHANGELOG.md', 436, 438 ]
293 silly gunzTarPerm extractEntry LICENSE.md
294 silly gunzTarPerm modified mode [ 'LICENSE.md', 436, 438 ]
295 silly gunzTarPerm extractEntry doc/node_misc.md
296 silly gunzTarPerm modified mode [ 'doc/node_misc.md', 436, 438 ]
297 silly gunzTarPerm extractEntry doc/asyncworker.md
298 silly gunzTarPerm modified mode [ 'doc/asyncworker.md', 436, 438 ]
299 silly gunzTarPerm extractEntry doc/callback.md
300 silly gunzTarPerm modified mode [ 'doc/callback.md', 436, 438 ]
301 silly gunzTarPerm extractEntry doc/converters.md
302 silly gunzTarPerm modified mode [ 'doc/converters.md', 436, 438 ]
303 silly gunzTarPerm extractEntry doc/errors.md
304 silly gunzTarPerm modified mode [ 'doc/errors.md', 436, 438 ]
305 silly gunzTarPerm extractEntry doc/maybe_types.md
306 silly gunzTarPerm modified mode [ 'doc/maybe_types.md', 436, 438 ]
307 silly gunzTarPerm extractEntry doc/methods.md
308 silly gunzTarPerm modified mode [ 'doc/methods.md', 436, 438 ]
309 silly gunzTarPerm extractEntry doc/new.md
310 silly gunzTarPerm modified mode [ 'doc/new.md', 436, 438 ]
311 silly gunzTarPerm extractEntry doc/buffers.md
312 silly gunzTarPerm modified mode [ 'doc/buffers.md', 436, 438 ]
313 silly gunzTarPerm extractEntry doc/object_wrappers.md
314 silly gunzTarPerm modified mode [ 'doc/object_wrappers.md', 436, 438 ]
315 silly gunzTarPerm extractEntry doc/persistent.md
316 silly gunzTarPerm modified mode [ 'doc/persistent.md', 436, 438 ]
317 silly gunzTarPerm extractEntry doc/scopes.md
318 silly gunzTarPerm modified mode [ 'doc/scopes.md', 436, 438 ]
319 silly gunzTarPerm extractEntry doc/script.md
320 silly gunzTarPerm modified mode [ 'doc/script.md', 436, 438 ]
321 silly gunzTarPerm extractEntry doc/string_bytes.md
322 silly gunzTarPerm modified mode [ 'doc/string_bytes.md', 436, 438 ]
323 silly gunzTarPerm extractEntry doc/v8_internals.md
324 silly gunzTarPerm modified mode [ 'doc/v8_internals.md', 436, 438 ]
325 silly gunzTarPerm extractEntry doc/v8_misc.md
326 silly gunzTarPerm modified mode [ 'doc/v8_misc.md', 436, 438 ]
327 silly gunzTarPerm extractEntry nan.h
328 silly gunzTarPerm modified mode [ 'nan.h', 436, 438 ]
329 silly gunzTarPerm extractEntry nan_callbacks.h
330 silly gunzTarPerm modified mode [ 'nan_callbacks.h', 436, 438 ]
331 silly gunzTarPerm extractEntry nan_callbacks_12_inl.h
332 silly gunzTarPerm modified mode [ 'nan_callbacks_12_inl.h', 436, 438 ]
333 silly gunzTarPerm extractEntry nan_callbacks_pre_12_inl.h
334 silly gunzTarPerm modified mode [ 'nan_callbacks_pre_12_inl.h', 436, 438 ]
335 silly gunzTarPerm extractEntry nan_converters_43_inl.h
336 silly gunzTarPerm modified mode [ 'nan_converters_43_inl.h', 436, 438 ]
337 silly gunzTarPerm extractEntry nan_converters_pre_43_inl.h
338 silly gunzTarPerm modified mode [ 'nan_converters_pre_43_inl.h', 436, 438 ]
339 silly gunzTarPerm extractEntry nan_implementation_12_inl.h
340 silly gunzTarPerm modified mode [ 'nan_implementation_12_inl.h', 436, 438 ]
341 silly gunzTarPerm extractEntry nan_implementation_pre_12_inl.h
342 silly gunzTarPerm modified mode [ 'nan_implementation_pre_12_inl.h', 436, 438 ]
343 silly gunzTarPerm extractEntry nan_maybe_43_inl.h
344 silly gunzTarPerm modified mode [ 'nan_maybe_43_inl.h', 436, 438 ]
345 silly gunzTarPerm extractEntry nan_maybe_pre_43_inl.h
346 silly gunzTarPerm modified mode [ 'nan_maybe_pre_43_inl.h', 436, 438 ]
347 silly gunzTarPerm extractEntry nan_new.h
348 silly gunzTarPerm modified mode [ 'nan_new.h', 436, 438 ]
349 silly gunzTarPerm extractEntry nan_object_wrap.h
350 silly gunzTarPerm modified mode [ 'nan_object_wrap.h', 436, 438 ]
351 silly gunzTarPerm extractEntry nan_persistent_12_inl.h
352 silly gunzTarPerm modified mode [ 'nan_persistent_12_inl.h', 436, 438 ]
353 silly gunzTarPerm extractEntry nan_persistent_pre_12_inl.h
354 silly gunzTarPerm modified mode [ 'nan_persistent_pre_12_inl.h', 436, 438 ]
355 silly gunzTarPerm extractEntry nan_private.h
356 silly gunzTarPerm modified mode [ 'nan_private.h', 436, 438 ]
357 silly gunzTarPerm extractEntry nan_string_bytes.h
358 silly gunzTarPerm modified mode [ 'nan_string_bytes.h', 436, 438 ]
359 silly gunzTarPerm extractEntry nan_typedarray_contents.h
360 silly gunzTarPerm modified mode [ 'nan_typedarray_contents.h', 436, 438 ]
361 silly gunzTarPerm extractEntry nan_weak.h
362 silly gunzTarPerm modified mode [ 'nan_weak.h', 436, 438 ]
363 silly gunzTarPerm extractEntry tools/package.json
364 silly gunzTarPerm modified mode [ 'tools/package.json', 436, 438 ]
365 silly gunzTarPerm extractEntry tools/README.md
366 silly gunzTarPerm modified mode [ 'tools/README.md', 436, 438 ]
367 silly gunzTarPerm extractEntry tools/1to2.js
368 silly gunzTarPerm modified mode [ 'tools/1to2.js', 509, 511 ]
369 verbose write writing to D:\tomcats\tomcat 7\webapps\BogdanIspas.github.io\BizBox\assets\node_modules\color-thief\node_modules\canvas\node_modules\nan\package.json
370 info preinstall nan@2.5.1
371 verbose readDependencies loading dependencies from D:\tomcats\tomcat 7\webapps\BogdanIspas.github.io\BizBox\assets\node_modules\color-thief\node_modules\canvas\node_modules\nan\package.json
372 verbose readDependencies loading dependencies from D:\tomcats\tomcat 7\webapps\BogdanIspas.github.io\BizBox\assets\node_modules\color-thief\node_modules\canvas\node_modules\nan\package.json
373 silly install resolved []
374 verbose about to build D:\tomcats\tomcat 7\webapps\BogdanIspas.github.io\BizBox\assets\node_modules\color-thief\node_modules\canvas\node_modules\nan
375 info build D:\tomcats\tomcat 7\webapps\BogdanIspas.github.io\BizBox\assets\node_modules\color-thief\node_modules\canvas\node_modules\nan
376 info linkStuff nan@2.5.1
377 silly linkStuff nan@2.5.1 has D:\tomcats\tomcat 7\webapps\BogdanIspas.github.io\BizBox\assets\node_modules\color-thief\node_modules\canvas\node_modules as its parent node_modules
378 verbose linkBins nan@2.5.1
379 verbose linkMans nan@2.5.1
380 verbose rebuildBundles nan@2.5.1
381 info install nan@2.5.1
382 info postinstall nan@2.5.1
383 verbose unlock done using C:\Users\Bogdan\AppData\Roaming\npm-cache\_locks\nan-18816bce899d67fc.lock for D:\tomcats\tomcat 7\webapps\BogdanIspas.github.io\BizBox\assets\node_modules\color-thief\node_modules\canvas\node_modules\nan
384 verbose about to build D:\tomcats\tomcat 7\webapps\BogdanIspas.github.io\BizBox\assets\node_modules\color-thief\node_modules\canvas
385 info build D:\tomcats\tomcat 7\webapps\BogdanIspas.github.io\BizBox\assets\node_modules\color-thief\node_modules\canvas
386 info linkStuff canvas@1.2.11
387 silly linkStuff canvas@1.2.11 has D:\tomcats\tomcat 7\webapps\BogdanIspas.github.io\BizBox\assets\node_modules\color-thief\node_modules as its parent node_modules
388 verbose linkBins canvas@1.2.11
389 verbose linkMans canvas@1.2.11
390 verbose rebuildBundles canvas@1.2.11
391 verbose rebuildBundles [ 'nan' ]
392 info install canvas@1.2.11
393 verbose unsafe-perm in lifecycle true
394 info canvas@1.2.11 Failed to exec install script
395 verbose unlock done using C:\Users\Bogdan\AppData\Roaming\npm-cache\_locks\canvas-e65a63ed974c73be.lock for D:\tomcats\tomcat 7\webapps\BogdanIspas.github.io\BizBox\assets\node_modules\color-thief\node_modules\canvas
396 verbose about to build D:\tomcats\tomcat 7\webapps\BogdanIspas.github.io\BizBox\assets\node_modules\color-thief
397 verbose unlock done using C:\Users\Bogdan\AppData\Roaming\npm-cache\_locks\color-thief-c677c022302155ae.lock for D:\tomcats\tomcat 7\webapps\BogdanIspas.github.io\BizBox\assets\node_modules\color-thief
398 verbose stack Error: canvas@1.2.11 install: `node-gyp rebuild`
398 verbose stack Exit status 1
398 verbose stack     at EventEmitter.<anonymous> (C:\Program Files\nodejs\node_modules\npm\lib\utils\lifecycle.js:217:16)
398 verbose stack     at emitTwo (events.js:87:13)
398 verbose stack     at EventEmitter.emit (events.js:172:7)
398 verbose stack     at ChildProcess.<anonymous> (C:\Program Files\nodejs\node_modules\npm\lib\utils\spawn.js:24:14)
398 verbose stack     at emitTwo (events.js:87:13)
398 verbose stack     at ChildProcess.emit (events.js:172:7)
398 verbose stack     at maybeClose (internal/child_process.js:829:16)
398 verbose stack     at Process.ChildProcess._handle.onexit (internal/child_process.js:211:5)
399 verbose pkgid canvas@1.2.11
400 verbose cwd D:\tomcats\tomcat 7\webapps\BogdanIspas.github.io\BizBox\assets
401 error Windows_NT 6.1.7601
402 error argv "C:\\Program Files\\nodejs\\node.exe" "C:\\Program Files\\nodejs\\node_modules\\npm\\bin\\npm-cli.js" "install" "color-thief"
403 error node v4.6.0
404 error npm  v2.15.9
405 error code ELIFECYCLE
406 error canvas@1.2.11 install: `node-gyp rebuild`
406 error Exit status 1
407 error Failed at the canvas@1.2.11 install script 'node-gyp rebuild'.
407 error This is most likely a problem with the canvas package,
407 error not with npm itself.
407 error Tell the author that this fails on your system:
407 error     node-gyp rebuild
407 error You can get information on how to open an issue for this project with:
407 error     npm bugs canvas
407 error Or if that isn't available, you can get their info via:
407 error
407 error     npm owner ls canvas
407 error There is likely additional logging output above.
408 verbose exit [ 1, true ]
409 verbose unbuild node_modules\color-thief\node_modules\canvas
410 info preuninstall canvas@1.2.11
411 info uninstall canvas@1.2.11
412 verbose unbuild rmStuff canvas@1.2.11 from D:\tomcats\tomcat 7\webapps\BogdanIspas.github.io\BizBox\assets\node_modules
413 verbose unbuild rmStuff in D:\tomcats\tomcat 7\webapps\BogdanIspas.github.io\BizBox\assets\node_modules\color-thief\node_modules
414 info postuninstall canvas@1.2.11
415 silly gentlyRm D:\tomcats\tomcat 7\webapps\BogdanIspas.github.io\BizBox\assets\node_modules\color-thief\node_modules\canvas is being purged from base D:\tomcats\tomcat 7\webapps\BogdanIspas.github.io\BizBox\assets
416 verbose gentlyRm don't care about contents; nuking D:\tomcats\tomcat 7\webapps\BogdanIspas.github.io\BizBox\assets\node_modules\color-thief\node_modules\canvas
417 silly vacuum-fs purging D:\tomcats\tomcat 7\webapps\BogdanIspas.github.io\BizBox\assets\node_modules\color-thief\node_modules\canvas
418 silly vacuum-fs removing D:\tomcats\tomcat 7\webapps\BogdanIspas.github.io\BizBox\assets\node_modules\color-thief\node_modules
419 silly vacuum-fs quitting because other entries in D:\tomcats\tomcat 7\webapps\BogdanIspas.github.io\BizBox\assets\node_modules\color-thief
420 verbose unbuild node_modules\color-thief
421 info preuninstall color-thief@2.2.2
422 info uninstall color-thief@2.2.2
423 verbose unbuild rmStuff color-thief@2.2.2 from D:\tomcats\tomcat 7\webapps\BogdanIspas.github.io\BizBox\assets\node_modules
424 info postuninstall color-thief@2.2.2
425 silly gentlyRm D:\tomcats\tomcat 7\webapps\BogdanIspas.github.io\BizBox\assets\node_modules\color-thief is being purged from base D:\tomcats\tomcat 7\webapps\BogdanIspas.github.io\BizBox\assets
426 verbose gentlyRm don't care about contents; nuking D:\tomcats\tomcat 7\webapps\BogdanIspas.github.io\BizBox\assets\node_modules\color-thief
427 silly vacuum-fs purging D:\tomcats\tomcat 7\webapps\BogdanIspas.github.io\BizBox\assets\node_modules\color-thief
428 silly vacuum-fs quitting because other entries in D:\tomcats\tomcat 7\webapps\BogdanIspas.github.io\BizBox\assets\node_modules
